**********************************************************************
** Visual Studio 2022 Developer Command Prompt v17.8.2
** Copyright (c) 2022 Microsoft Corporation
**********************************************************************
[vcvarsall.bat] Environment initialized for: 'x86_x64'
-- Using CATKIN_DEVEL_PREFIX: C:/Users/aidan/Documents/GitHub/ARDVARC/ROS-Based Mission Simulator/matlab_msg_gen_ros1/win64/devel
-- Using CMAKE_PREFIX_PATH: C:\Program Files\MATLAB\R2023b\sys\ros1\win64\ros1;C:/Program Files/MATLAB/R2023b/toolbox/ros/mlroscpp/custom_messages;C:/Users/aidan/Documents/GitHub/ARDVARC/ROS-Based Mission Simulator/matlab_msg_gen_ros1/win64/install
-- This workspace overlays: C:/Program Files/MATLAB/R2023b/sys/ros1/win64/ros1;C:/Program Files/MATLAB/R2023b/toolbox/ros/mlroscpp/custom_messages;C:/Users/aidan/Documents/GitHub/ARDVARC/ROS-Based Mission Simulator/matlab_msg_gen_ros1/win64/install
-- Using PYTHON_EXECUTABLE: C:/Users/aidan/AppData/Local/Microsoft/WindowsApps/python3.exe
-- Using default Python package layout
-- Using empy: C:/Users/aidan/AppData/Roaming/MATHWO~1/MATLAB/R2023b/ros1/win64/venv/lib/site-packages/em.py
-- Using CATKIN_ENABLE_TESTING: off
-- catkin 0.8.10
-- BUILD_SHARED_LIBS is on
The system cannot find the batch label specified - GenerateTempFilename
-- BUILD_SHARED_LIBS is on
-- ~~~~~~~~~~~~~~~~~~~~~~~~~~~~~~~~~~~~~~~~~~~~~~~~~
-- ~~  traversing 1 packages in topological order:
-- ~~  - ardvarc
-- ~~~~~~~~~~~~~~~~~~~~~~~~~~~~~~~~~~~~~~~~~~~~~~~~~
-- +++ processing catkin package: 'ardvarc'
-- ==> add_subdirectory(ardvarc)
CMake Warning at C:/Program Files/MATLAB/R2023b/sys/ros1/win64/ros1/share/genmsg/cmake/genmsg-extras.cmake:49 (message):
  Unknown message generator specified in ROS_LANG_DISABLE: geneus
Call Stack (most recent call first):
  C:/Program Files/MATLAB/R2023b/sys/ros1/win64/ros1/share/genmsg/cmake/genmsgConfig.cmake:222 (include)
  C:/Program Files/MATLAB/R2023b/sys/ros1/win64/ros1/share/gencpp/cmake/gencppConfig.cmake:197 (find_package)
  C:/Program Files/MATLAB/R2023b/sys/ros1/win64/ros1/share/message_generation/cmake/message_generationConfig.cmake:197 (find_package)
  C:/Program Files/MATLAB/R2023b/sys/ros1/win64/ros1/share/catkin/cmake/catkinConfig.cmake:76 (find_package)
  ardvarc/CMakeLists.txt:24 (find_package)


CMake Warning at C:/Program Files/MATLAB/R2023b/sys/ros1/win64/ros1/share/genmsg/cmake/genmsg-extras.cmake:49 (message):
  Unknown message generator specified in ROS_LANG_DISABLE: genlisp
Call Stack (most recent call first):
  C:/Program Files/MATLAB/R2023b/sys/ros1/win64/ros1/share/genmsg/cmake/genmsgConfig.cmake:222 (include)
  C:/Program Files/MATLAB/R2023b/sys/ros1/win64/ros1/share/gencpp/cmake/gencppConfig.cmake:197 (find_package)
  C:/Program Files/MATLAB/R2023b/sys/ros1/win64/ros1/share/message_generation/cmake/message_generationConfig.cmake:197 (find_package)
  C:/Program Files/MATLAB/R2023b/sys/ros1/win64/ros1/share/catkin/cmake/catkinConfig.cmake:76 (find_package)
  ardvarc/CMakeLists.txt:24 (find_package)


CMake Warning at C:/Program Files/MATLAB/R2023b/sys/ros1/win64/ros1/share/genmsg/cmake/genmsg-extras.cmake:49 (message):
  Unknown message generator specified in ROS_LANG_DISABLE: gennodejs
Call Stack (most recent call first):
  C:/Program Files/MATLAB/R2023b/sys/ros1/win64/ros1/share/genmsg/cmake/genmsgConfig.cmake:222 (include)
  C:/Program Files/MATLAB/R2023b/sys/ros1/win64/ros1/share/gencpp/cmake/gencppConfig.cmake:197 (find_package)
  C:/Program Files/MATLAB/R2023b/sys/ros1/win64/ros1/share/message_generation/cmake/message_generationConfig.cmake:197 (find_package)
  C:/Program Files/MATLAB/R2023b/sys/ros1/win64/ros1/share/catkin/cmake/catkinConfig.cmake:76 (find_package)
  ardvarc/CMakeLists.txt:24 (find_package)


-- Using these message generators: gencpp;genpy
-- ardvarc: 1 messages, 0 services
-- Configuring done
-- Generating done
-- Build files have been written to: C:/Users/aidan/Documents/GitHub/ARDVARC/ROS-Based Mission Simulator/matlab_msg_gen_ros1/win64/build
[1/2] cmd.exe /C "cd /D "C:\Users\aidan\Documents\GitHub\ARDVARC\ROS-Based Mission Simulator\matlab_msg_gen_ros1\win64\build\ardvarc" && "C:\Users\aidan\Documents\GitHub\ARDVARC\ROS-Based Mission Simulator\matlab_msg_gen_ros1\win64\build\catkin_generated\env_cached.bat" C:/Users/aidan/AppData/Local/Microsoft/WindowsApps/python3.exe "C:/Program Files/MATLAB/R2023b/sys/ros1/win64/ros1/share/genmsg/cmake/../../../lib/genmsg/genmsg_check_deps.py" ardvarc "C:/Users/aidan/Documents/GitHub/ARDVARC/ROS-Based Mission Simulator/matlab_msg_gen_ros1/win64/src/ardvarc/msg/FlightPlan.msg" geometry_msgs/Point"
[1/2] Install the project...
-- Install configuration: "Release"
-- Installing: C:/Users/aidan/Documents/GitHub/ARDVARC/ROS-Based Mission Simulator/matlab_msg_gen_ros1/win64/install/_setup_util.py
-- Up-to-date: C:/Users/aidan/Documents/GitHub/ARDVARC/ROS-Based Mission Simulator/matlab_msg_gen_ros1/win64/install/_setup_util.exe
-- Up-to-date: C:/Users/aidan/Documents/GitHub/ARDVARC/ROS-Based Mission Simulator/matlab_msg_gen_ros1/win64/install/env.bat
-- Up-to-date: C:/Users/aidan/Documents/GitHub/ARDVARC/ROS-Based Mission Simulator/matlab_msg_gen_ros1/win64/install/setup.bat
-- Up-to-date: C:/Users/aidan/Documents/GitHub/ARDVARC/ROS-Based Mission Simulator/matlab_msg_gen_ros1/win64/install/local_setup.bat
-- Up-to-date: C:/Users/aidan/Documents/GitHub/ARDVARC/ROS-Based Mission Simulator/matlab_msg_gen_ros1/win64/install/.rosinstall
-- Up-to-date: C:/Users/aidan/Documents/GitHub/ARDVARC/ROS-Based Mission Simulator/matlab_msg_gen_ros1/win64/install/share/ardvarc/msg/FlightPlan.msg
-- Up-to-date: C:/Users/aidan/Documents/GitHub/ARDVARC/ROS-Based Mission Simulator/matlab_msg_gen_ros1/win64/install/share/ardvarc/cmake/ardvarc-msg-paths.cmake
-- Up-to-date: C:/Users/aidan/Documents/GitHub/ARDVARC/ROS-Based Mission Simulator/matlab_msg_gen_ros1/win64/install/include/ardvarc
-- Up-to-date: C:/Users/aidan/Documents/GitHub/ARDVARC/ROS-Based Mission Simulator/matlab_msg_gen_ros1/win64/install/include/ardvarc/FlightPlan.h
Listing 'C:/Users/aidan/Documents/GitHub/ARDVARC/ROS-Based Mission Simulator/matlab_msg_gen_ros1/win64/devel/lib/site-packages/ardvarc'...
Listing 'C:/Users/aidan/Documents/GitHub/ARDVARC/ROS-Based Mission Simulator/matlab_msg_gen_ros1/win64/devel/lib/site-packages/ardvarc\\msg'...
-- Up-to-date: C:/Users/aidan/Documents/GitHub/ARDVARC/ROS-Based Mission Simulator/matlab_msg_gen_ros1/win64/install/lib/site-packages/ardvarc
-- Up-to-date: C:/Users/aidan/Documents/GitHub/ARDVARC/ROS-Based Mission Simulator/matlab_msg_gen_ros1/win64/install/lib/site-packages/ardvarc/msg
-- Up-to-date: C:/Users/aidan/Documents/GitHub/ARDVARC/ROS-Based Mission Simulator/matlab_msg_gen_ros1/win64/install/lib/site-packages/ardvarc/msg/_FlightPlan.py
-- Up-to-date: C:/Users/aidan/Documents/GitHub/ARDVARC/ROS-Based Mission Simulator/matlab_msg_gen_ros1/win64/install/lib/site-packages/ardvarc/msg/__init__.py
-- Up-to-date: C:/Users/aidan/Documents/GitHub/ARDVARC/ROS-Based Mission Simulator/matlab_msg_gen_ros1/win64/install/lib/site-packages/ardvarc/msg/__pycache__
-- Up-to-date: C:/Users/aidan/Documents/GitHub/ARDVARC/ROS-Based Mission Simulator/matlab_msg_gen_ros1/win64/install/lib/site-packages/ardvarc/msg/__pycache__/_FlightPlan.cpython-310.pyc
-- Up-to-date: C:/Users/aidan/Documents/GitHub/ARDVARC/ROS-Based Mission Simulator/matlab_msg_gen_ros1/win64/install/lib/site-packages/ardvarc/msg/__pycache__/__init__.cpython-310.pyc
-- Up-to-date: C:/Users/aidan/Documents/GitHub/ARDVARC/ROS-Based Mission Simulator/matlab_msg_gen_ros1/win64/install/lib/site-packages/ardvarc/__init__.py
-- Up-to-date: C:/Users/aidan/Documents/GitHub/ARDVARC/ROS-Based Mission Simulator/matlab_msg_gen_ros1/win64/install/lib/site-packages/ardvarc/__pycache__
-- Up-to-date: C:/Users/aidan/Documents/GitHub/ARDVARC/ROS-Based Mission Simulator/matlab_msg_gen_ros1/win64/install/lib/site-packages/ardvarc/__pycache__/__init__.cpython-310.pyc
-- Installing: C:/Users/aidan/Documents/GitHub/ARDVARC/ROS-Based Mission Simulator/matlab_msg_gen_ros1/win64/install/lib/pkgconfig/ardvarc.pc
-- Up-to-date: C:/Users/aidan/Documents/GitHub/ARDVARC/ROS-Based Mission Simulator/matlab_msg_gen_ros1/win64/install/share/ardvarc/cmake/ardvarc-msg-extras.cmake
-- Installing: C:/Users/aidan/Documents/GitHub/ARDVARC/ROS-Based Mission Simulator/matlab_msg_gen_ros1/win64/install/share/ardvarc/cmake/ardvarcConfig.cmake
-- Up-to-date: C:/Users/aidan/Documents/GitHub/ARDVARC/ROS-Based Mission Simulator/matlab_msg_gen_ros1/win64/install/share/ardvarc/cmake/ardvarcConfig-version.cmake
-- Installing: C:/Users/aidan/Documents/GitHub/ARDVARC/ROS-Based Mission Simulator/matlab_msg_gen_ros1/win64/install/share/ardvarc/package.xml
-- Up-to-date: C:/Users/aidan/Documents/GitHub/ARDVARC/ROS-Based Mission Simulator/matlab_msg_gen_ros1/win64/install/include
-- Up-to-date: C:/Users/aidan/Documents/GitHub/ARDVARC/ROS-Based Mission Simulator/matlab_msg_gen_ros1/win64/install/include/ardvarc
-- Up-to-date: C:/Users/aidan/Documents/GitHub/ARDVARC/ROS-Based Mission Simulator/matlab_msg_gen_ros1/win64/install/include/ardvarc/visibility_control.h
-- Up-to-date: C:/Users/aidan/Documents/GitHub/ARDVARC/ROS-Based Mission Simulator/matlab_msg_gen_ros1/win64/install/lib/ardvarc_matlab.lib
-- Up-to-date: C:/Users/aidan/Documents/GitHub/ARDVARC/ROS-Based Mission Simulator/matlab_msg_gen_ros1/win64/install/bin/ardvarc_matlab.dll
-- Up-to-date: C:/Users/aidan/Documents/GitHub/ARDVARC/ROS-Based Mission Simulator/matlab_msg_gen_ros1/win64/install/m/
-- Up-to-date: C:/Users/aidan/Documents/GitHub/ARDVARC/ROS-Based Mission Simulator/matlab_msg_gen_ros1/win64/install/m//+ros
-- Up-to-date: C:/Users/aidan/Documents/GitHub/ARDVARC/ROS-Based Mission Simulator/matlab_msg_gen_ros1/win64/install/m//+ros/+internal
-- Up-to-date: C:/Users/aidan/Documents/GitHub/ARDVARC/ROS-Based Mission Simulator/matlab_msg_gen_ros1/win64/install/m//+ros/+internal/+ros
-- Up-to-date: C:/Users/aidan/Documents/GitHub/ARDVARC/ROS-Based Mission Simulator/matlab_msg_gen_ros1/win64/install/m//+ros/+internal/+ros/+custommessages
-- Up-to-date: C:/Users/aidan/Documents/GitHub/ARDVARC/ROS-Based Mission Simulator/matlab_msg_gen_ros1/win64/install/m//+ros/+internal/+ros/+custommessages/+ardvarc
-- Up-to-date: C:/Users/aidan/Documents/GitHub/ARDVARC/ROS-Based Mission Simulator/matlab_msg_gen_ros1/win64/install/m//+ros/+internal/+ros/+custommessages/+ardvarc/flightPlan.m
-- Up-to-date: C:/Users/aidan/Documents/GitHub/ARDVARC/ROS-Based Mission Simulator/matlab_msg_gen_ros1/win64/install/m//+ros/+msggen
-- Up-to-date: C:/Users/aidan/Documents/GitHub/ARDVARC/ROS-Based Mission Simulator/matlab_msg_gen_ros1/win64/install/m//+ros/+msggen/+ardvarc
-- Up-to-date: C:/Users/aidan/Documents/GitHub/ARDVARC/ROS-Based Mission Simulator/matlab_msg_gen_ros1/win64/install/m//+ros/+msggen/+ardvarc/FlightPlan.m
Base path: C:\Users\aidan\Documents\GitHub\ARDVARC\ROS-Based Mission Simulator\matlab_msg_gen_ros1\win64
Source space: C:\Users\aidan\Documents\GitHub\ARDVARC\ROS-Based Mission Simulator\matlab_msg_gen_ros1\win64\src
Build space: C:\Users\aidan\Documents\GitHub\ARDVARC\ROS-Based Mission Simulator\matlab_msg_gen_ros1\win64\build
Devel space: C:\Users\aidan\Documents\GitHub\ARDVARC\ROS-Based Mission Simulator\matlab_msg_gen_ros1\win64\devel
Install space: C:\Users\aidan\Documents\GitHub\ARDVARC\ROS-Based Mission Simulator\matlab_msg_gen_ros1\win64\install
####
#### Running command: "cmake C:\Users\aidan\Documents\GitHub\ARDVARC\ROS-Based Mission Simulator\matlab_msg_gen_ros1\win64\src -DALIAS_ROS1_CLASS_LOADER=1 -DBoost_NAMESPACE=mwboost -DCATKIN_ENABLE_TESTING=off -DCMAKE_PREFIX_PATH=C:\Program Files\MATLAB\R2023b\sys\ros1\win64\ros1;C:/Program Files/MATLAB/R2023b/toolbox/ros/mlroscpp/custom_messages;C:/Users/aidan/Documents/GitHub/ARDVARC/ROS-Based Mission Simulator/matlab_msg_gen_ros1/win64/install -DCMAKE_BUILD_TYPE=Release -DCMAKE_CXX_FLAGS_RELEASE=/MD /Od /Ob2 /DNDEBUG -DCATKIN_DEVEL_PREFIX=C:\Users\aidan\Documents\GitHub\ARDVARC\ROS-Based Mission Simulator\matlab_msg_gen_ros1\win64\devel -DCMAKE_INSTALL_PREFIX=C:\Users\aidan\Documents\GitHub\ARDVARC\ROS-Based Mission Simulator\matlab_msg_gen_ros1\win64\install -G Ninja" in "C:\Users\aidan\Documents\GitHub\ARDVARC\ROS-Based Mission Simulator\matlab_msg_gen_ros1\win64\build"
####
####
#### Running command: "ninja install install -j16 -l16" in "C:\Users\aidan\Documents\GitHub\ARDVARC\ROS-Based Mission Simulator\matlab_msg_gen_ros1\win64\build"
####
